c:\users\yassine\documents\personnal cpp projects\blender clone\x64\debug\glbindingd.dll
c:\users\yassine\documents\personnal cpp projects\blender clone\x64\debug\sfml-system-d-2.dll
c:\users\yassine\documents\personnal cpp projects\blender clone\x64\debug\sfml-window-d-2.dll
c:\users\yassine\documents\personnal cpp projects\blender clone\x64\debug\freeglutd.dll
c:\users\yassine\documents\personnal cpp projects\blender clone\blender clone\x64\debug\vc143.pdb
c:\users\yassine\documents\personnal cpp projects\blender clone\blender clone\x64\debug\vc143.idb
c:\users\yassine\documents\personnal cpp projects\blender clone\blender clone\x64\debug\main.obj
c:\users\yassine\documents\personnal cpp projects\blender clone\x64\debug\blender clone.exe
c:\users\yassine\documents\personnal cpp projects\blender clone\blender clone\x64\debug\blender clone.ilk
c:\users\yassine\documents\personnal cpp projects\blender clone\x64\debug\blender clone.pdb
c:\users\yassi\onedrive\documents\3d-engine\blender clone\x64\debug\main.obj
c:\users\yassi\onedrive\documents\3d-engine\blender clone\x64\debug\blender clone.ilk
c:\users\yassi\onedrive\documents\3d-engine\blender clone\x64\debug\vc143.idb
c:\users\yassi\onedrive\documents\3d-engine\blender clone\x64\debug\vc143.pdb
c:\users\yassi\onedrive\documents\3d-engine\blender clone\x64\debug\blender clone.tlog\blender clone.write.1u.tlog
c:\users\yassi\onedrive\documents\3d-engine\blender clone\x64\debug\blender clone.tlog\cl.command.1.tlog
c:\users\yassi\onedrive\documents\3d-engine\blender clone\x64\debug\blender clone.tlog\cl.read.1.tlog
c:\users\yassi\onedrive\documents\3d-engine\blender clone\x64\debug\blender clone.tlog\cl.write.1.tlog
c:\users\yassi\onedrive\documents\3d-engine\blender clone\x64\debug\blender clone.tlog\link.command.1.tlog
c:\users\yassi\onedrive\documents\3d-engine\blender clone\x64\debug\blender clone.tlog\link.read.1.tlog
c:\users\yassi\onedrive\documents\3d-engine\blender clone\x64\debug\blender clone.tlog\link.write.1.tlog
